<?xml version="1.0" encoding="UTF-8"?>
<!-- Generated by org.testng.reporters.JUnitReportReporter -->
<testsuite hostname="LAPTOP-2TV62EA0" failures="0" tests="2" name="com.dvops.maven.eclipse.NewTest" time="1.260" errors="0" timestamp="4 Feb 2023 07:25:14 GMT">
  <testcase classname="com.dvops.maven.eclipse.NewTest" name="checkTitle" time="0.778"/>
  <testcase classname="com.dvops.maven.eclipse.NewTest" name="checkId" time="0.482"/>
</testsuite> <!-- com.dvops.maven.eclipse.NewTest -->
